<?xml version="1.0" encoding="UTF-8"?>
<testng-results ignored="0" total="2" passed="2" failed="0" skipped="0">
  <reporter-output>
  </reporter-output>
  <suite started-at="2024-04-13T10:37:39 IST" name="Suite" finished-at="2024-04-13T10:37:50 IST" duration-ms="10741">
    <groups>
    </groups>
    <test started-at="2024-04-13T10:37:39 IST" name="Test" finished-at="2024-04-13T10:37:44 IST" duration-ms="4798">
      <class name="com.test.VerifyLoginPage">
        <test-method is-config="true" signature="browserLaunch(java.lang.String)[pri:0, instance:com.test.VerifyLoginPage@1c9b0314]" started-at="2024-04-13T10:37:39 IST" name="browserLaunch" finished-at="2024-04-13T10:37:43 IST" duration-ms="3805" status="PASS">
          <params>
            <param index="0">
              <value>
                <![CDATA[chrome]]>
              </value>
            </param>
          </params>
          <reporter-output>
          </reporter-output>
        </test-method> <!-- browserLaunch -->
        <test-method signature="verifyLoginePage()[pri:0, instance:com.test.VerifyLoginPage@1c9b0314]" started-at="2024-04-13T10:37:43 IST" name="verifyLoginePage" finished-at="2024-04-13T10:37:44 IST" duration-ms="811" status="PASS">
          <reporter-output>
          </reporter-output>
        </test-method> <!-- verifyLoginePage -->
        <test-method is-config="true" signature="failedScreenshot(org.testng.ITestResult)[pri:0, instance:com.test.VerifyLoginPage@1c9b0314]" started-at="2024-04-13T10:37:44 IST" name="failedScreenshot" finished-at="2024-04-13T10:37:44 IST" duration-ms="150" status="PASS">
          <params>
            <param index="0">
              <value>
                <![CDATA[[TestResult name=verifyLoginePage status=SUCCESS method=VerifyLoginPage.verifyLoginePage()[pri:0, instance:com.test.VerifyLoginPage@1c9b0314] output={null}]]]>
              </value>
            </param>
          </params>
          <reporter-output>
          </reporter-output>
        </test-method> <!-- failedScreenshot -->
      </class> <!-- com.test.VerifyLoginPage -->
    </test> <!-- Test -->
    <test started-at="2024-04-13T10:37:44 IST" name="Test1" finished-at="2024-04-13T10:37:50 IST" duration-ms="5702">
      <class name="com.test.VerifyLoginPage">
        <test-method is-config="true" signature="browserLaunch(java.lang.String)[pri:0, instance:com.test.VerifyLoginPage@3214ee6]" started-at="2024-04-13T10:37:44 IST" name="browserLaunch" finished-at="2024-04-13T10:37:49 IST" duration-ms="5509" status="PASS">
          <params>
            <param index="0">
              <value>
                <![CDATA[firefox]]>
              </value>
            </param>
          </params>
          <reporter-output>
          </reporter-output>
        </test-method> <!-- browserLaunch -->
        <test-method signature="verifyLoginePage()[pri:0, instance:com.test.VerifyLoginPage@3214ee6]" started-at="2024-04-13T10:37:50 IST" name="verifyLoginePage" finished-at="2024-04-13T10:37:50 IST" duration-ms="119" status="PASS">
          <reporter-output>
          </reporter-output>
        </test-method> <!-- verifyLoginePage -->
        <test-method is-config="true" signature="failedScreenshot(org.testng.ITestResult)[pri:0, instance:com.test.VerifyLoginPage@3214ee6]" started-at="2024-04-13T10:37:50 IST" name="failedScreenshot" finished-at="2024-04-13T10:37:50 IST" duration-ms="70" status="PASS">
          <params>
            <param index="0">
              <value>
                <![CDATA[[TestResult name=verifyLoginePage status=SUCCESS method=VerifyLoginPage.verifyLoginePage()[pri:0, instance:com.test.VerifyLoginPage@3214ee6] output={null}]]]>
              </value>
            </param>
          </params>
          <reporter-output>
          </reporter-output>
        </test-method> <!-- failedScreenshot -->
      </class> <!-- com.test.VerifyLoginPage -->
    </test> <!-- Test1 -->
  </suite> <!-- Suite -->
</testng-results>
